<?xml version="1.0" encoding="UTF-8"?>
<testsuite name="com.example.SchoolBus.SchoolBusApplicationTests" tests="1" skipped="0" failures="0" errors="0" timestamp="2023-04-26T05:06:46" hostname="YONGHOONCHO0905" time="0.002">
  <properties/>
  <testcase name="contextLoads()" classname="com.example.SchoolBus.SchoolBusApplicationTests" time="0.002"/>
  <system-out><![CDATA[2023-04-26 14:06:46.254  INFO 10700 --- [    Test worker] .b.t.c.SpringBootTestContextBootstrapper : Neither @ContextConfiguration nor @ContextHierarchy found for test class [com.example.SchoolBus.SchoolBusApplicationTests], using SpringBootContextLoader
2023-04-26 14:06:46.255  INFO 10700 --- [    Test worker] o.s.t.c.support.AbstractContextLoader    : Could not detect default resource locations for test class [com.example.SchoolBus.SchoolBusApplicationTests]: no resource found for suffixes {-context.xml, Context.groovy}.
2023-04-26 14:06:46.255  INFO 10700 --- [    Test worker] t.c.s.AnnotationConfigContextLoaderUtils : Could not detect default configuration classes for test class [com.example.SchoolBus.SchoolBusApplicationTests]: SchoolBusApplicationTests does not declare any static, non-private, non-final, nested classes annotated with @Configuration.
2023-04-26 14:06:46.257  INFO 10700 --- [    Test worker] .b.t.c.SpringBootTestContextBootstrapper : Found @SpringBootConfiguration com.example.SchoolBus.SchoolBusApplication for test class com.example.SchoolBus.SchoolBusApplicationTests
2023-04-26 14:06:46.259  INFO 10700 --- [    Test worker] .b.t.c.SpringBootTestContextBootstrapper : Loaded default TestExecutionListener class names from location [META-INF/spring.factories]: [org.springframework.boot.test.autoconfigure.restdocs.RestDocsTestExecutionListener, org.springframework.boot.test.autoconfigure.web.client.MockRestServiceServerResetTestExecutionListener, org.springframework.boot.test.autoconfigure.web.servlet.MockMvcPrintOnlyOnFailureTestExecutionListener, org.springframework.boot.test.autoconfigure.web.servlet.WebDriverTestExecutionListener, org.springframework.boot.test.autoconfigure.webservices.client.MockWebServiceServerTestExecutionListener, org.springframework.boot.test.mock.mockito.MockitoTestExecutionListener, org.springframework.boot.test.mock.mockito.ResetMocksTestExecutionListener, org.springframework.test.context.web.ServletTestExecutionListener, org.springframework.test.context.support.DirtiesContextBeforeModesTestExecutionListener, org.springframework.test.context.event.ApplicationEventsTestExecutionListener, org.springframework.test.context.support.DependencyInjectionTestExecutionListener, org.springframework.test.context.support.DirtiesContextTestExecutionListener, org.springframework.test.context.transaction.TransactionalTestExecutionListener, org.springframework.test.context.jdbc.SqlScriptsTestExecutionListener, org.springframework.test.context.event.EventPublishingTestExecutionListener]
2023-04-26 14:06:46.261  INFO 10700 --- [    Test worker] .b.t.c.SpringBootTestContextBootstrapper : Using TestExecutionListeners: [org.springframework.test.context.web.ServletTestExecutionListener@25533bba, org.springframework.test.context.support.DirtiesContextBeforeModesTestExecutionListener@26d0ece6, org.springframework.test.context.event.ApplicationEventsTestExecutionListener@100bba26, org.springframework.boot.test.mock.mockito.MockitoTestExecutionListener@4ae280da, org.springframework.boot.test.autoconfigure.SpringBootDependencyInjectionTestExecutionListener@76d0ecd7, org.springframework.test.context.support.DirtiesContextTestExecutionListener@57c69937, org.springframework.test.context.event.EventPublishingTestExecutionListener@1ad1c363, org.springframework.boot.test.autoconfigure.restdocs.RestDocsTestExecutionListener@446b64b3, org.springframework.boot.test.autoconfigure.web.client.MockRestServiceServerResetTestExecutionListener@35ac9ebd, org.springframework.boot.test.autoconfigure.web.servlet.MockMvcPrintOnlyOnFailureTestExecutionListener@56c0a61e, org.springframework.boot.test.autoconfigure.web.servlet.WebDriverTestExecutionListener@421ead7e, org.springframework.boot.test.autoconfigure.webservices.client.MockWebServiceServerTestExecutionListener@5dcf0772, org.springframework.boot.test.mock.mockito.ResetMocksTestExecutionListener@c472300]
]]></system-out>
  <system-err><![CDATA[]]></system-err>
</testsuite>
